#
# There is insufficient memory for the Java Runtime Environment to continue.
# Native memory allocation (malloc) failed to allocate 1048576 bytes. Error detail: AllocateHeap
# Possible reasons:
#   The system is out of physical RAM or swap space
#   This process is running with CompressedOops enabled, and the Java Heap may be blocking the growth of the native heap
# Possible solutions:
#   Reduce memory load on the system
#   Increase physical memory or swap space
#   Check if swap backing store is full
#   Decrease Java heap size (-Xmx/-Xms)
#   Decrease number of Java threads
#   Decrease Java thread stack sizes (-Xss)
#   Set larger code cache with -XX:ReservedCodeCacheSize=
#   JVM is running with Unscaled Compressed Oops mode in which the Java heap is
#     placed in the first 4GB address space. The Java Heap base address is the
#     maximum limit for the native heap growth. Please use -XX:HeapBaseMinAddress
#     to set the Java Heap base and to place the Java Heap above 4GB virtual address.
# This output file may be truncated or incomplete.
#
#  Out of Memory Error (allocation.cpp:44), pid=11696, tid=2336
#
# JRE version:  (22.0.2+9) (build )
# Java VM: Java HotSpot(TM) 64-Bit Server VM (22.0.2+9-70, mixed mode, sharing, tiered, compressed oops, compressed class ptrs, g1 gc, windows-amd64)
# No core dump will be written. Minidumps are not enabled by default on client versions of Windows
#

---------------  S U M M A R Y ------------

Command Line: -Dclassworlds.conf=C:\Program Files\NetBeans-22\netbeans\java\maven\bin\m2.conf -Dmaven.home=C:\Program Files\NetBeans-22\netbeans\java\maven -Dlibrary.jansi.path=C:\Program Files\NetBeans-22\netbeans\java\maven\lib\jansi-native -Dmaven.multiModuleProjectDirectory=C:\Users\maytinh\Documents\NetBeansProjects\project1-Trang org.codehaus.plexus.classworlds.launcher.Launcher -Dexec.vmArgs= -Dexec.args=${exec.vmArgs} -classpath %classpath ${exec.mainClass} ${exec.appArgs} -Dexec.executable=C:\Program Files\Java\jdk-22\bin\java.exe -Dexec.mainClass=view.QLNV -Dexec.classpathScope=runtime -Dexec.appArgs= -Dmaven.ext.class.path=C:\Program Files\NetBeans-22\netbeans\java\maven-nblib\netbeans-eventspy.jar --no-transfer-progress process-classes org.codehaus.mojo:exec-maven-plugin:3.1.0:exec

Host: Intel(R) Core(TM) i7-7700HQ CPU @ 2.80GHz, 8 cores, 7G,  Windows 10 , 64 bit Build 19041 (10.0.19041.1889)
Time: Tue Aug  6 10:55:38 2024 SE Asia Standard Time elapsed time: 0.010943 seconds (0d 0h 0m 0s)

---------------  T H R E A D  ---------------

Current thread (0x000001ce2fcd34a0):  JavaThread "Unknown thread" [_thread_in_vm, id=2336, stack(0x0000007dd3800000,0x0000007dd3900000) (1024K)]

Stack: [0x0000007dd3800000,0x0000007dd3900000]
Native frames: (J=compiled Java code, j=interpreted, Vv=VM code, C=native code)
V  [jvm.dll+0x6e26e9]  (no source info available)
V  [jvm.dll+0x875753]  (no source info available)
V  [jvm.dll+0x877b7e]  (no source info available)
V  [jvm.dll+0x878253]  (no source info available)
V  [jvm.dll+0x27fc86]  (no source info available)
V  [jvm.dll+0xbe877]  (no source info available)
V  [jvm.dll+0x335144]  (no source info available)
V  [jvm.dll+0x32d22e]  (no source info available)
V  [jvm.dll+0x83d5ac]  (no source info available)
V  [jvm.dll+0x3c10d1]  (no source info available)
V  [jvm.dll+0x8264cc]  (no source info available)
V  [jvm.dll+0x45bd5e]  (no source info available)
V  [jvm.dll+0x45dbe1]  (no source info available)
C  [jli.dll+0x52a3]  (no source info available)
C  [ucrtbase.dll+0x21bb2]  (no source info available)
C  [KERNEL32.DLL+0x17034]  (no source info available)
C  [ntdll.dll+0x526a1]  (no source info available)


---------------  P R O C E S S  ---------------

Threads class SMR info:
_java_thread_list=0x00007ffd0fb0c1c8, length=0, elements={
}

Java Threads: ( => current thread )
Total: 0

Other Threads:
  0x000001ce31ed47d0 WorkerThread "GC Thread#0"                     [id=12920, stack(0x0000007dd3900000,0x0000007dd3a00000) (1024K)]

[error occurred during error reporting (printing all threads), id 0xc0000005, EXCEPTION_ACCESS_VIOLATION (0xc0000005) at pc=0x00007ffd0f259c30]
VM state: not at safepoint (not fully initialized)

VM Mutex/Monitor currently owned by a thread:  ([mutex/lock_event])
[0x00007ffd0fb8cc80] Heap_lock - owner thread: 0x000001ce2fcd34a0

Heap address: 0x0000000082600000, size: 2010 MB, Compressed Oops mode: 32-bit

CDS archive(s) mapped at: [0x0000000000000000-0x0000000000000000-0x0000000000000000), size 0, SharedBaseAddress: 0x0000000800000000, ArchiveRelocationMode: 1.
Narrow klass base: 0x0000000000000000, Narrow klass shift: 0, Narrow klass range: 0x0

GC Precious Log:
 CardTable entry size: 512
 Card Set container configuration: InlinePtr #cards 5 size 8 Array Of Cards #cards 12 size 40 Howl #buckets 4 coarsen threshold 1843 Howl Bitmap #cards 512 size 80 coarsen threshold 460 Card regions per heap region 1 cards per card region 2048

Heap:
 garbage-first heap   total reserved 2058240K, committed 0K, used 0K [0x0000000082600000, 0x0000000100000000)
  region size 1024K, 0 young (0K), 0 survivors (0K)

[error occurred during error reporting (printing heap information), id 0xc0000005, EXCEPTION_ACCESS_VIOLATION (0xc0000005) at pc=0x00007ffd0f65e869]
GC Heap History (0 events):
No events

Dll operation events (1 events):
Event: 0.007 Loaded shared library C:\Program Files\Java\jdk-22\bin\java.dll

Deoptimization events (0 events):
No events

Classes loaded (0 events):
No events

Classes unloaded (0 events):
No events

Classes redefined (0 events):
No events

Internal exceptions (0 events):
No events

ZGC Phase Switch (0 events):
No events

VM Operations (0 events):
No events

Memory protections (0 events):
No events

Nmethod flushes (0 events):
No events

Events (0 events):
No events


Dynamic libraries:
0x00007ff6b1330000 - 0x00007ff6b1340000 	C:\Program Files\Java\jdk-22\bin\java.exe
0x00007ffd57530000 - 0x00007ffd57728000 	C:\Windows\SYSTEM32\ntdll.dll
0x00007ffd560a0000 - 0x00007ffd5615d000 	C:\Windows\System32\KERNEL32.DLL
0x00007ffd55230000 - 0x00007ffd554fe000 	C:\Windows\System32\KERNELBASE.dll
0x00007ffd54fa0000 - 0x00007ffd550a0000 	C:\Windows\System32\ucrtbase.dll
0x00007ffd3f4d0000 - 0x00007ffd3f4e7000 	C:\Program Files\Java\jdk-22\bin\jli.dll
0x00007ffd51fe0000 - 0x00007ffd51ffb000 	C:\Program Files\Java\jdk-22\bin\VCRUNTIME140.dll
0x00007ffd572d0000 - 0x00007ffd57470000 	C:\Windows\System32\USER32.dll
0x00007ffd55200000 - 0x00007ffd55222000 	C:\Windows\System32\win32u.dll
0x00007ffd409a0000 - 0x00007ffd40c3a000 	C:\Windows\WinSxS\amd64_microsoft.windows.common-controls_6595b64144ccf1df_6.0.19041.1110_none_60b5254171f9507e\COMCTL32.dll
0x00007ffd56e00000 - 0x00007ffd56e2a000 	C:\Windows\System32\GDI32.dll
0x00007ffd55f90000 - 0x00007ffd5602e000 	C:\Windows\System32\msvcrt.dll
0x00007ffd54df0000 - 0x00007ffd54efb000 	C:\Windows\System32\gdi32full.dll
0x00007ffd54f00000 - 0x00007ffd54f9d000 	C:\Windows\System32\msvcp_win.dll
0x00007ffd561c0000 - 0x00007ffd561f0000 	C:\Windows\System32\IMM32.DLL
0x00007ffd50540000 - 0x00007ffd5054c000 	C:\Program Files\Java\jdk-22\bin\vcruntime140_1.dll
0x00007ffd3fd40000 - 0x00007ffd3fdce000 	C:\Program Files\Java\jdk-22\bin\msvcp140.dll
0x00007ffd0ef20000 - 0x00007ffd0fc69000 	C:\Program Files\Java\jdk-22\bin\server\jvm.dll
0x00007ffd561f0000 - 0x00007ffd5629e000 	C:\Windows\System32\ADVAPI32.dll
0x00007ffd569f0000 - 0x00007ffd56a8c000 	C:\Windows\System32\sechost.dll
0x00007ffd571a0000 - 0x00007ffd572c5000 	C:\Windows\System32\RPCRT4.dll
0x00007ffd56030000 - 0x00007ffd5609b000 	C:\Windows\System32\WS2_32.dll
0x00007ffd54600000 - 0x00007ffd5464b000 	C:\Windows\SYSTEM32\POWRPROF.dll
0x00007ffd4eb80000 - 0x00007ffd4eb8a000 	C:\Windows\SYSTEM32\VERSION.dll
0x00007ffd3fb40000 - 0x00007ffd3fb67000 	C:\Windows\SYSTEM32\WINMM.dll
0x00007ffd545c0000 - 0x00007ffd545d2000 	C:\Windows\SYSTEM32\UMPDC.dll
0x00007ffd534c0000 - 0x00007ffd534d2000 	C:\Windows\SYSTEM32\kernel.appcore.dll
0x00007ffd502f0000 - 0x00007ffd502fa000 	C:\Program Files\Java\jdk-22\bin\jimage.dll
0x00007ffd529f0000 - 0x00007ffd52bd4000 	C:\Windows\SYSTEM32\DBGHELP.DLL
0x00007ffd3cb00000 - 0x00007ffd3cb2c000 	C:\Windows\SYSTEM32\dbgcore.DLL
0x00007ffd55500000 - 0x00007ffd55582000 	C:\Windows\System32\bcryptPrimitives.dll
0x00007ffd50310000 - 0x00007ffd5032e000 	C:\Program Files\Java\jdk-22\bin\java.dll
0x00007ffd562a0000 - 0x00007ffd569e3000 	C:\Windows\System32\SHELL32.dll
0x00007ffd56e90000 - 0x00007ffd56fba000 	C:\Windows\System32\ole32.dll
0x00007ffd56a90000 - 0x00007ffd56de4000 	C:\Windows\System32\combase.dll

dbghelp: loaded successfully - version: 4.0.5 - missing functions: none
symbol engine: initialized successfully - sym options: 0x614 - pdb path: .;C:\Program Files\Java\jdk-22\bin;C:\Windows\SYSTEM32;C:\Windows\WinSxS\amd64_microsoft.windows.common-controls_6595b64144ccf1df_6.0.19041.1110_none_60b5254171f9507e;C:\Program Files\Java\jdk-22\bin\server

VM Arguments:
jvm_args: -Dclassworlds.conf=C:\Program Files\NetBeans-22\netbeans\java\maven\bin\m2.conf -Dmaven.home=C:\Program Files\NetBeans-22\netbeans\java\maven -Dlibrary.jansi.path=C:\Program Files\NetBeans-22\netbeans\java\maven\lib\jansi-native -Dmaven.multiModuleProjectDirectory=C:\Users\maytinh\Documents\NetBeansProjects\project1-Trang 
java_command: org.codehaus.plexus.classworlds.launcher.Launcher -Dexec.vmArgs= -Dexec.args=${exec.vmArgs} -classpath %classpath ${exec.mainClass} ${exec.appArgs} -Dexec.executable=C:\Program Files\Java\jdk-22\bin\java.exe -Dexec.mainClass=view.QLNV -Dexec.classpathScope=runtime -Dexec.appArgs= -Dmaven.ext.class.path=C:\Program Files\NetBeans-22\netbeans\java\maven-nblib\netbeans-eventspy.jar --no-transfer-progress process-classes org.codehaus.mojo:exec-maven-plugin:3.1.0:exec
java_class_path (initial): C:\Program Files\NetBeans-22\netbeans\java\maven\boot\plexus-classworlds-2.7.0.jar
Launcher Type: SUN_STANDARD

[Global flags]
     intx CICompilerCount                          = 4                                         {product} {ergonomic}
     uint ConcGCThreads                            = 2                                         {product} {ergonomic}
     uint G1ConcRefinementThreads                  = 8                                         {product} {ergonomic}
   size_t G1HeapRegionSize                         = 1048576                                   {product} {ergonomic}
   size_t InitialHeapSize                          = 132120576                                 {product} {ergonomic}
   size_t MarkStackSize                            = 4194304                                   {product} {ergonomic}
   size_t MaxHeapSize                              = 2107637760                                {product} {ergonomic}
   size_t MinHeapDeltaBytes                        = 1048576                                   {product} {ergonomic}
   size_t MinHeapSize                              = 8388608                                   {product} {ergonomic}
    uintx NonNMethodCodeHeapSize                   = 5839372                                {pd product} {ergonomic}
    uintx NonProfiledCodeHeapSize                  = 122909434                              {pd product} {ergonomic}
    uintx ProfiledCodeHeapSize                     = 122909434                              {pd product} {ergonomic}
    uintx ReservedCodeCacheSize                    = 251658240                              {pd product} {ergonomic}
     bool SegmentedCodeCache                       = true                                      {product} {ergonomic}
   size_t SoftMaxHeapSize                          = 2107637760                             {manageable} {ergonomic}
     bool UseCompressedOops                        = true                           {product lp64_product} {ergonomic}
     bool UseG1GC                                  = true                                      {product} {ergonomic}
     bool UseLargePagesIndividualAllocation        = false                                  {pd product} {ergonomic}

Logging:
Log output configuration:
 #0: stdout all=warning uptime,level,tags foldmultilines=false
 #1: stderr all=off uptime,level,tags foldmultilines=false

Environment Variables:
JAVA_HOME=C:\Program Files\Java\jdk-22
PATH=C:\Program Files\Common Files\Oracle\Java\javapath;C:\Windows\system32;C:\Windows;C:\Windows\System32\Wbem;C:\Windows\System32\WindowsPowerShell\v1.0\;C:\Windows\System32\OpenSSH\;C:\Program Files (x86)\NVIDIA Corporation\PhysX\Common;C:\Program Files (x86)\Microsoft SQL Server\160\DTS\Binn\;C:\Program Files (x86)\Microsoft SQL Server\160\Tools\Binn\;C:\Program Files\Microsoft SQL Server\160\Tools\Binn\;C:\Program Files\Microsoft SQL Server\Client SDK\ODBC\170\Tools\Binn\;C:\Program Files\Microsoft SQL Server\160\DTS\Binn\;C:\apache-maven-3.8.8\bin;C:\Program Files\Git\cmd;C:\apache-maven-3.8.8\bin;;C:\Program Files\Docker\Docker\resources\bin;C:\Users\maytinh\AppData\Local\Microsoft\WindowsApps;C:\Users\maytinh\AppData\Local\Programs\Microsoft VS Code\bin
USERNAME=Tucuteprovjp
OS=Windows_NT
PROCESSOR_IDENTIFIER=Intel64 Family 6 Model 158 Stepping 9, GenuineIntel
TMP=C:\Users\maytinh\AppData\Local\Temp
TEMP=C:\Users\maytinh\AppData\Local\Temp




Periodic native trim disabled

---------------  S Y S T E M  ---------------

OS:
 Windows 10 , 64 bit Build 19041 (10.0.19041.1889)
OS uptime: 0 days 20:45 hours
Hyper-V role detected

CPU: total 8 (initial active 8) (4 cores per cpu, 2 threads per core) family 6 model 158 stepping 9 microcode 0xb4, cx8, cmov, fxsr, ht, mmx, 3dnowpref, sse, sse2, sse3, ssse3, sse4.1, sse4.2, popcnt, lzcnt, tsc, tscinvbit, avx, avx2, aes, erms, clmul, bmi1, bmi2, adx, fma, vzeroupper, clflush, clflushopt, hv, rdtscp, f16c
Processor Information for all 8 processors :
  Max Mhz: 2801, Current Mhz: 2801, Mhz Limit: 2801

Memory: 4k page, system-wide physical 8038M (848M free)
TotalPageFile size 14038M (AvailPageFile size 5M)
current process WorkingSet (physical memory assigned to process): 11M, peak: 11M
current process commit charge ("private bytes"): 58M, peak: 59M

vm_info: Java HotSpot(TM) 64-Bit Server VM (22.0.2+9-70) for windows-amd64 JRE (22.0.2+9-70), built on 2024-06-04T16:52:23Z by "mach5one" with MS VC++ 17.6 (VS2022)

END.
