#
# There is insufficient memory for the Java Runtime Environment to continue.
# Native memory allocation (mmap) failed to map 132120576 bytes. Error detail: G1 virtual space
# Possible reasons:
#   The system is out of physical RAM or swap space
#   This process is running with CompressedOops enabled, and the Java Heap may be blocking the growth of the native heap
# Possible solutions:
#   Reduce memory load on the system
#   Increase physical memory or swap space
#   Check if swap backing store is full
#   Decrease Java heap size (-Xmx/-Xms)
#   Decrease number of Java threads
#   Decrease Java thread stack sizes (-Xss)
#   Set larger code cache with -XX:ReservedCodeCacheSize=
#   JVM is running with Unscaled Compressed Oops mode in which the Java heap is
#     placed in the first 4GB address space. The Java Heap base address is the
#     maximum limit for the native heap growth. Please use -XX:HeapBaseMinAddress
#     to set the Java Heap base and to place the Java Heap above 4GB virtual address.
# This output file may be truncated or incomplete.
#
#  Out of Memory Error (os_windows.cpp:3631), pid=11540, tid=9332
#
# JRE version:  (22.0.2+9) (build )
# Java VM: Java HotSpot(TM) 64-Bit Server VM (22.0.2+9-70, mixed mode, sharing, tiered, compressed oops, compressed class ptrs, g1 gc, windows-amd64)
# No core dump will be written. Minidumps are not enabled by default on client versions of Windows
#

---------------  S U M M A R Y ------------

Command Line: -Dclassworlds.conf=C:\Program Files\NetBeans-22\netbeans\java\maven\bin\m2.conf -Dmaven.home=C:\Program Files\NetBeans-22\netbeans\java\maven -Dlibrary.jansi.path=C:\Program Files\NetBeans-22\netbeans\java\maven\lib\jansi-native -Dmaven.multiModuleProjectDirectory=C:\Users\maytinh\Documents\NetBeansProjects\project1-Trang org.codehaus.plexus.classworlds.launcher.Launcher -Dexec.vmArgs= -Dexec.args=${exec.vmArgs} -classpath %classpath ${exec.mainClass} ${exec.appArgs} -Dexec.executable=C:\Program Files\Java\jdk-22\bin\java.exe -Dexec.mainClass=view.ThongKeview -Dexec.classpathScope=runtime -Dexec.appArgs= -Dmaven.ext.class.path=C:\Program Files\NetBeans-22\netbeans\java\maven-nblib\netbeans-eventspy.jar --no-transfer-progress process-classes org.codehaus.mojo:exec-maven-plugin:3.1.0:exec

Host: Intel(R) Core(TM) i7-7700HQ CPU @ 2.80GHz, 8 cores, 7G,  Windows 10 , 64 bit Build 19041 (10.0.19041.1889)
Time: Wed Aug  7 14:57:16 2024 SE Asia Standard Time elapsed time: 0.028328 seconds (0d 0h 0m 0s)

---------------  T H R E A D  ---------------

Current thread (0x00000205576d19d0):  JavaThread "Unknown thread" [_thread_in_vm, id=9332, stack(0x000000e2be700000,0x000000e2be800000) (1024K)]

Stack: [0x000000e2be700000,0x000000e2be800000]
Native frames: (J=compiled Java code, j=interpreted, Vv=VM code, C=native code)
V  [jvm.dll+0x6e26e9]  (no source info available)
V  [jvm.dll+0x875753]  (no source info available)
V  [jvm.dll+0x877b7e]  (no source info available)
V  [jvm.dll+0x878253]  (no source info available)
V  [jvm.dll+0x27fc86]  (no source info available)
V  [jvm.dll+0x6ded85]  (no source info available)
V  [jvm.dll+0x6d388a]  (no source info available)
V  [jvm.dll+0x358b8a]  (no source info available)
V  [jvm.dll+0x3610b6]  (no source info available)
V  [jvm.dll+0x3b419e]  (no source info available)
V  [jvm.dll+0x3b4448]  (no source info available)
V  [jvm.dll+0x32c5ec]  (no source info available)
V  [jvm.dll+0x32d258]  (no source info available)
V  [jvm.dll+0x83d5ac]  (no source info available)
V  [jvm.dll+0x3c10d1]  (no source info available)
V  [jvm.dll+0x8264cc]  (no source info available)
V  [jvm.dll+0x45bd5e]  (no source info available)
V  [jvm.dll+0x45dbe1]  (no source info available)
C  [jli.dll+0x52a3]  (no source info available)
C  [ucrtbase.dll+0x21bb2]  (no source info available)
C  [KERNEL32.DLL+0x17034]  (no source info available)
C  [ntdll.dll+0x526a1]  (no source info available)


---------------  P R O C E S S  ---------------

Threads class SMR info:
_java_thread_list=0x00007ff83dbbc1c8, length=0, elements={
}

Java Threads: ( => current thread )
Total: 0

Other Threads:
  0x00000205598767c0 WorkerThread "GC Thread#0"                     [id=1144, stack(0x000000e2be800000,0x000000e2be900000) (1024K)]
  0x00000205598873b0 ConcurrentGCThread "G1 Main Marker"            [id=5404, stack(0x000000e2be900000,0x000000e2bea00000) (1024K)]
  0x0000020559888570 WorkerThread "G1 Conc#0"                       [id=12760, stack(0x000000e2bea00000,0x000000e2beb00000) (1024K)]

[error occurred during error reporting (printing all threads), id 0xc0000005, EXCEPTION_ACCESS_VIOLATION (0xc0000005) at pc=0x00007ff83d30f517]
VM state: not at safepoint (not fully initialized)

VM Mutex/Monitor currently owned by a thread:  ([mutex/lock_event])
[0x00007ff83dc3cc80] Heap_lock - owner thread: 0x00000205576d19d0

Heap address: 0x0000000082600000, size: 2010 MB, Compressed Oops mode: 32-bit

CDS archive(s) mapped at: [0x0000000000000000-0x0000000000000000-0x0000000000000000), size 0, SharedBaseAddress: 0x0000000800000000, ArchiveRelocationMode: 1.
Narrow klass base: 0x0000000000000000, Narrow klass shift: 0, Narrow klass range: 0x0

GC Precious Log:
 CardTable entry size: 512
 Card Set container configuration: InlinePtr #cards 5 size 8 Array Of Cards #cards 12 size 40 Howl #buckets 4 coarsen threshold 1843 Howl Bitmap #cards 512 size 80 coarsen threshold 460 Card regions per heap region 1 cards per card region 2048

Heap:
 garbage-first heap   total reserved 2058240K, committed 0K, used 0K [0x0000000082600000, 0x0000000100000000)
  region size 1024K, 0 young (0K), 0 survivors (0K)

[error occurred during error reporting (printing heap information), id 0xc0000005, EXCEPTION_ACCESS_VIOLATION (0xc0000005) at pc=0x00007ff83d70e869]
GC Heap History (0 events):
No events

Dll operation events (1 events):
Event: 0.016 Loaded shared library C:\Program Files\Java\jdk-22\bin\java.dll

Deoptimization events (0 events):
No events

Classes loaded (0 events):
No events

Classes unloaded (0 events):
No events

Classes redefined (0 events):
No events

Internal exceptions (0 events):
No events

ZGC Phase Switch (0 events):
No events

VM Operations (0 events):
No events

Memory protections (0 events):
No events

Nmethod flushes (0 events):
No events

Events (0 events):
No events


Dynamic libraries:
0x00007ff6a0910000 - 0x00007ff6a0920000 	C:\Program Files\Java\jdk-22\bin\java.exe
0x00007ff886250000 - 0x00007ff886448000 	C:\Windows\SYSTEM32\ntdll.dll
0x00007ff885570000 - 0x00007ff88562d000 	C:\Windows\System32\KERNEL32.DLL
0x00007ff883ed0000 - 0x00007ff88419e000 	C:\Windows\System32\KERNELBASE.dll
0x00007ff883970000 - 0x00007ff883a70000 	C:\Windows\System32\ucrtbase.dll
0x00007ff87b800000 - 0x00007ff87b81b000 	C:\Program Files\Java\jdk-22\bin\VCRUNTIME140.dll
0x00007ff87d870000 - 0x00007ff87d887000 	C:\Program Files\Java\jdk-22\bin\jli.dll
0x00007ff885180000 - 0x00007ff885320000 	C:\Windows\System32\USER32.dll
0x00007ff86da70000 - 0x00007ff86dd0a000 	C:\Windows\WinSxS\amd64_microsoft.windows.common-controls_6595b64144ccf1df_6.0.19041.1110_none_60b5254171f9507e\COMCTL32.dll
0x00007ff883c40000 - 0x00007ff883c62000 	C:\Windows\System32\win32u.dll
0x00007ff8850e0000 - 0x00007ff88517e000 	C:\Windows\System32\msvcrt.dll
0x00007ff885400000 - 0x00007ff88542a000 	C:\Windows\System32\GDI32.dll
0x00007ff8841a0000 - 0x00007ff8842ab000 	C:\Windows\System32\gdi32full.dll
0x00007ff883da0000 - 0x00007ff883e3d000 	C:\Windows\System32\msvcp_win.dll
0x00007ff885320000 - 0x00007ff885350000 	C:\Windows\System32\IMM32.DLL
0x00007ff87d790000 - 0x00007ff87d79c000 	C:\Program Files\Java\jdk-22\bin\vcruntime140_1.dll
0x00007ff849f50000 - 0x00007ff849fde000 	C:\Program Files\Java\jdk-22\bin\msvcp140.dll
0x00007ff83cfd0000 - 0x00007ff83dd19000 	C:\Program Files\Java\jdk-22\bin\server\jvm.dll
0x00007ff8842b0000 - 0x00007ff88435e000 	C:\Windows\System32\ADVAPI32.dll
0x00007ff8856b0000 - 0x00007ff88574c000 	C:\Windows\System32\sechost.dll
0x00007ff884360000 - 0x00007ff884485000 	C:\Windows\System32\RPCRT4.dll
0x00007ff885640000 - 0x00007ff8856ab000 	C:\Windows\System32\WS2_32.dll
0x00007ff8832e0000 - 0x00007ff88332b000 	C:\Windows\SYSTEM32\POWRPROF.dll
0x00007ff869ba0000 - 0x00007ff869bc7000 	C:\Windows\SYSTEM32\WINMM.dll
0x00007ff87d510000 - 0x00007ff87d51a000 	C:\Windows\SYSTEM32\VERSION.dll
0x00007ff8832c0000 - 0x00007ff8832d2000 	C:\Windows\SYSTEM32\UMPDC.dll
0x00007ff8821e0000 - 0x00007ff8821f2000 	C:\Windows\SYSTEM32\kernel.appcore.dll
0x00007ff87cbd0000 - 0x00007ff87cbda000 	C:\Program Files\Java\jdk-22\bin\jimage.dll
0x00007ff8815c0000 - 0x00007ff8817a4000 	C:\Windows\SYSTEM32\DBGHELP.DLL
0x00007ff86a7a0000 - 0x00007ff86a7cc000 	C:\Windows\SYSTEM32\dbgcore.DLL
0x00007ff883e40000 - 0x00007ff883ec2000 	C:\Windows\System32\bcryptPrimitives.dll
0x00007ff87ab60000 - 0x00007ff87ab7e000 	C:\Program Files\Java\jdk-22\bin\java.dll
0x00007ff884490000 - 0x00007ff884bd3000 	C:\Windows\System32\SHELL32.dll
0x00007ff885440000 - 0x00007ff88556a000 	C:\Windows\System32\ole32.dll
0x00007ff885890000 - 0x00007ff885be4000 	C:\Windows\System32\combase.dll

dbghelp: loaded successfully - version: 4.0.5 - missing functions: none
symbol engine: initialized successfully - sym options: 0x614 - pdb path: .;C:\Program Files\Java\jdk-22\bin;C:\Windows\SYSTEM32;C:\Windows\WinSxS\amd64_microsoft.windows.common-controls_6595b64144ccf1df_6.0.19041.1110_none_60b5254171f9507e;C:\Program Files\Java\jdk-22\bin\server

VM Arguments:
jvm_args: -Dclassworlds.conf=C:\Program Files\NetBeans-22\netbeans\java\maven\bin\m2.conf -Dmaven.home=C:\Program Files\NetBeans-22\netbeans\java\maven -Dlibrary.jansi.path=C:\Program Files\NetBeans-22\netbeans\java\maven\lib\jansi-native -Dmaven.multiModuleProjectDirectory=C:\Users\maytinh\Documents\NetBeansProjects\project1-Trang 
java_command: org.codehaus.plexus.classworlds.launcher.Launcher -Dexec.vmArgs= -Dexec.args=${exec.vmArgs} -classpath %classpath ${exec.mainClass} ${exec.appArgs} -Dexec.executable=C:\Program Files\Java\jdk-22\bin\java.exe -Dexec.mainClass=view.ThongKeview -Dexec.classpathScope=runtime -Dexec.appArgs= -Dmaven.ext.class.path=C:\Program Files\NetBeans-22\netbeans\java\maven-nblib\netbeans-eventspy.jar --no-transfer-progress process-classes org.codehaus.mojo:exec-maven-plugin:3.1.0:exec
java_class_path (initial): C:\Program Files\NetBeans-22\netbeans\java\maven\boot\plexus-classworlds-2.7.0.jar
Launcher Type: SUN_STANDARD

[Global flags]
     intx CICompilerCount                          = 4                                         {product} {ergonomic}
     uint ConcGCThreads                            = 2                                         {product} {ergonomic}
     uint G1ConcRefinementThreads                  = 8                                         {product} {ergonomic}
   size_t G1HeapRegionSize                         = 1048576                                   {product} {ergonomic}
   size_t InitialHeapSize                          = 132120576                                 {product} {ergonomic}
   size_t MarkStackSize                            = 4194304                                   {product} {ergonomic}
   size_t MaxHeapSize                              = 2107637760                                {product} {ergonomic}
   size_t MinHeapDeltaBytes                        = 1048576                                   {product} {ergonomic}
   size_t MinHeapSize                              = 8388608                                   {product} {ergonomic}
    uintx NonNMethodCodeHeapSize                   = 5839372                                {pd product} {ergonomic}
    uintx NonProfiledCodeHeapSize                  = 122909434                              {pd product} {ergonomic}
    uintx ProfiledCodeHeapSize                     = 122909434                              {pd product} {ergonomic}
    uintx ReservedCodeCacheSize                    = 251658240                              {pd product} {ergonomic}
     bool SegmentedCodeCache                       = true                                      {product} {ergonomic}
   size_t SoftMaxHeapSize                          = 2107637760                             {manageable} {ergonomic}
     bool UseCompressedOops                        = true                           {product lp64_product} {ergonomic}
     bool UseG1GC                                  = true                                      {product} {ergonomic}
     bool UseLargePagesIndividualAllocation        = false                                  {pd product} {ergonomic}

Logging:
Log output configuration:
 #0: stdout all=warning uptime,level,tags foldmultilines=false
 #1: stderr all=off uptime,level,tags foldmultilines=false

Environment Variables:
JAVA_HOME=C:\Program Files\Java\jdk-22
PATH=C:\Program Files\Common Files\Oracle\Java\javapath;C:\Windows\system32;C:\Windows;C:\Windows\System32\Wbem;C:\Windows\System32\WindowsPowerShell\v1.0\;C:\Windows\System32\OpenSSH\;C:\Program Files (x86)\NVIDIA Corporation\PhysX\Common;C:\Program Files (x86)\Microsoft SQL Server\160\DTS\Binn\;C:\Program Files (x86)\Microsoft SQL Server\160\Tools\Binn\;C:\Program Files\Microsoft SQL Server\160\Tools\Binn\;C:\Program Files\Microsoft SQL Server\Client SDK\ODBC\170\Tools\Binn\;C:\Program Files\Microsoft SQL Server\160\DTS\Binn\;C:\apache-maven-3.8.8\bin;C:\Program Files\Git\cmd;C:\apache-maven-3.8.8\bin;;C:\Program Files\Docker\Docker\resources\bin;C:\Users\maytinh\AppData\Local\Microsoft\WindowsApps;C:\Users\maytinh\AppData\Local\Programs\Microsoft VS Code\bin
USERNAME=Tucuteprovjp
OS=Windows_NT
PROCESSOR_IDENTIFIER=Intel64 Family 6 Model 158 Stepping 9, GenuineIntel
TMP=C:\Users\maytinh\AppData\Local\Temp
TEMP=C:\Users\maytinh\AppData\Local\Temp




Periodic native trim disabled

---------------  S Y S T E M  ---------------

OS:
 Windows 10 , 64 bit Build 19041 (10.0.19041.1889)
OS uptime: 0 days 20:11 hours
Hyper-V role detected

CPU: total 8 (initial active 8) (4 cores per cpu, 2 threads per core) family 6 model 158 stepping 9 microcode 0xb4, cx8, cmov, fxsr, ht, mmx, 3dnowpref, sse, sse2, sse3, ssse3, sse4.1, sse4.2, popcnt, lzcnt, tsc, tscinvbit, avx, avx2, aes, erms, clmul, bmi1, bmi2, adx, fma, vzeroupper, clflush, clflushopt, hv, rdtscp, f16c
Processor Information for processor 0
  Max Mhz: 2801, Current Mhz: 1500, Mhz Limit: 2801
Processor Information for processor 1
  Max Mhz: 2801, Current Mhz: 1500, Mhz Limit: 2801
Processor Information for processor 2
  Max Mhz: 2801, Current Mhz: 2801, Mhz Limit: 2801
Processor Information for processor 3
  Max Mhz: 2801, Current Mhz: 1500, Mhz Limit: 2801
Processor Information for processor 4
  Max Mhz: 2801, Current Mhz: 1500, Mhz Limit: 2801
Processor Information for processor 5
  Max Mhz: 2801, Current Mhz: 1500, Mhz Limit: 2801
Processor Information for processor 6
  Max Mhz: 2801, Current Mhz: 2801, Mhz Limit: 2801
Processor Information for processor 7
  Max Mhz: 2801, Current Mhz: 1500, Mhz Limit: 2801

Memory: 4k page, system-wide physical 8038M (620M free)
TotalPageFile size 14038M (AvailPageFile size 71M)
current process WorkingSet (physical memory assigned to process): 11M, peak: 11M
current process commit charge ("private bytes"): 60M, peak: 186M

vm_info: Java HotSpot(TM) 64-Bit Server VM (22.0.2+9-70) for windows-amd64 JRE (22.0.2+9-70), built on 2024-06-04T16:52:23Z by "mach5one" with MS VC++ 17.6 (VS2022)

END.
